# JRE version: Java(TM) SE Runtime Environment (8.0_202-b08) (build 1.8.0_202-b08)
# Java VM: Java HotSpot(TM) 64-Bit Server VM (25.202-b08 mixed mode windows-amd64 compressed oops)
Heap:
 PSYoungGen      total 199680K, used 9177K [0x00000000ee000000, 0x00000000fc680000, 0x0000000100000000)
  eden space 162816K, 1% used [0x00000000ee000000,0x00000000ee199758,0x00000000f7f00000)
  from space 36864K, 20% used [0x00000000f7f00000,0x00000000f865cf68,0x00000000fa300000)
  to   space 34816K, 0% used [0x00000000fa480000,0x00000000fa480000,0x00000000fc680000)
 ParOldGen       total 133120K, used 69382K [0x00000000b8000000, 0x00000000c0200000, 0x00000000ee000000)
  object space 133120K, 52% used [0x00000000b8000000,0x00000000bc3c1808,0x00000000c0200000)
 Metaspace       used 88001K, capacity 88702K, committed 89340K, reserved 1126400K
  class space    used 12603K, capacity 12782K, committed 12800K, reserved 1048576K
GC Heap History (10 events):
Event: 172.414 GC heap before
{Heap before GC invocations=33 (full 4):
 PSYoungGen      total 197632K, used 161885K [0x00000000ee000000, 0x00000000fcc00000, 0x0000000100000000)
  eden space 156672K, 100% used [0x00000000ee000000,0x00000000f7900000,0x00000000f7900000)
  from space 40960K, 12% used [0x00000000fa400000,0x00000000fa917770,0x00000000fcc00000)
  to   space 42496K, 0% used [0x00000000f7900000,0x00000000f7900000,0x00000000fa280000)
 ParOldGen       total 133120K, used 68651K [0x00000000b8000000, 0x00000000c0200000, 0x00000000ee000000)
  object space 133120K, 51% used [0x00000000b8000000,0x00000000bc30ac98,0x00000000c0200000)
 Metaspace       used 83842K, capacity 84530K, committed 85116K, reserved 1122304K
  class space    used 12444K, capacity 12612K, committed 12672K, reserved 1048576K
Event: 172.418 GC heap after
Heap after GC invocations=33 (full 4):
 PSYoungGen      total 199168K, used 4799K [0x00000000ee000000, 0x00000000fcd00000, 0x0000000100000000)
  eden space 156672K, 0% used [0x00000000ee000000,0x00000000ee000000,0x00000000f7900000)
  from space 42496K, 11% used [0x00000000f7900000,0x00000000f7daff40,0x00000000fa280000)
  to   space 41472K, 0% used [0x00000000fa480000,0x00000000fa480000,0x00000000fcd00000)
 ParOldGen       total 133120K, used 68659K [0x00000000b8000000, 0x00000000c0200000, 0x00000000ee000000)
  object space 133120K, 51% used [0x00000000b8000000,0x00000000bc30cc98,0x00000000c0200000)
 Metaspace       used 83842K, capacity 84530K, committed 85116K, reserved 1122304K
  class space    used 12444K, capacity 12612K, committed 12672K, reserved 1048576K
}
Event: 228.091 GC heap before
{Heap before GC invocations=34 (full 4):
 PSYoungGen      total 199168K, used 161471K [0x00000000ee000000, 0x00000000fcd00000, 0x0000000100000000)
  eden space 156672K, 100% used [0x00000000ee000000,0x00000000f7900000,0x00000000f7900000)
  from space 42496K, 11% used [0x00000000f7900000,0x00000000f7daff40,0x00000000fa280000)
  to   space 41472K, 0% used [0x00000000fa480000,0x00000000fa480000,0x00000000fcd00000)
 ParOldGen       total 133120K, used 68659K [0x00000000b8000000, 0x00000000c0200000, 0x00000000ee000000)
  object space 133120K, 51% used [0x00000000b8000000,0x00000000bc30cc98,0x00000000c0200000)
 Metaspace       used 84277K, capacity 84932K, committed 85756K, reserved 1122304K
  class space    used 12514K, capacity 12679K, committed 12800K, reserved 1048576K
Event: 228.103 GC heap after
Heap after GC invocations=34 (full 4):
 PSYoungGen      total 197120K, used 5353K [0x00000000ee000000, 0x00000000fc980000, 0x0000000100000000)
  eden space 159232K, 0% used [0x00000000ee000000,0x00000000ee000000,0x00000000f7b80000)
  from space 37888K, 14% used [0x00000000fa480000,0x00000000fa9ba608,0x00000000fc980000)
  to   space 39936K, 0% used [0x00000000f7b80000,0x00000000f7b80000,0x00000000fa280000)
 ParOldGen       total 133120K, used 68667K [0x00000000b8000000, 0x00000000c0200000, 0x00000000ee000000)
  object space 133120K, 51% used [0x00000000b8000000,0x00000000bc30ec98,0x00000000c0200000)
 Metaspace       used 84277K, capacity 84932K, committed 85756K, reserved 1122304K
  class space    used 12514K, capacity 12679K, committed 12800K, reserved 1048576K
}
Event: 237.469 GC heap before
{Heap before GC invocations=35 (full 4):
 PSYoungGen      total 197120K, used 164585K [0x00000000ee000000, 0x00000000fc980000, 0x0000000100000000)
  eden space 159232K, 100% used [0x00000000ee000000,0x00000000f7b80000,0x00000000f7b80000)
  from space 37888K, 14% used [0x00000000fa480000,0x00000000fa9ba608,0x00000000fc980000)
  to   space 39936K, 0% used [0x00000000f7b80000,0x00000000f7b80000,0x00000000fa280000)
 ParOldGen       total 133120K, used 68667K [0x00000000b8000000, 0x00000000c0200000, 0x00000000ee000000)
  object space 133120K, 51% used [0x00000000b8000000,0x00000000bc30ec98,0x00000000c0200000)
 Metaspace       used 85422K, capacity 86076K, committed 86780K, reserved 1124352K
  class space    used 12577K, capacity 12715K, committed 12800K, reserved 1048576K
Event: 237.474 GC heap after
Heap after GC invocations=35 (full 4):
 PSYoungGen      total 199168K, used 5769K [0x00000000ee000000, 0x00000000fc900000, 0x0000000100000000)
  eden space 159232K, 0% used [0x00000000ee000000,0x00000000ee000000,0x00000000f7b80000)
  from space 39936K, 14% used [0x00000000f7b80000,0x00000000f81225d8,0x00000000fa280000)
  to   space 38400K, 0% used [0x00000000fa380000,0x00000000fa380000,0x00000000fc900000)
 ParOldGen       total 133120K, used 68675K [0x00000000b8000000, 0x00000000c0200000, 0x00000000ee000000)
  object space 133120K, 51% used [0x00000000b8000000,0x00000000bc310c98,0x00000000c0200000)
 Metaspace       used 85422K, capacity 86076K, committed 86780K, reserved 1124352K
  class space    used 12577K, capacity 12715K, committed 12800K, reserved 1048576K
}
Event: 240.288 GC heap before
{Heap before GC invocations=36 (full 4):
 PSYoungGen      total 199168K, used 165001K [0x00000000ee000000, 0x00000000fc900000, 0x0000000100000000)
  eden space 159232K, 100% used [0x00000000ee000000,0x00000000f7b80000,0x00000000f7b80000)
  from space 39936K, 14% used [0x00000000f7b80000,0x00000000f81225d8,0x00000000fa280000)
  to   space 38400K, 0% used [0x00000000fa380000,0x00000000fa380000,0x00000000fc900000)
 ParOldGen       total 133120K, used 68676K [0x00000000b8000000, 0x00000000c0200000, 0x00000000ee000000)
  object space 133120K, 51% used [0x00000000b8000000,0x00000000bc311238,0x00000000c0200000)
 Metaspace       used 85700K, capacity 86382K, committed 87036K, reserved 1124352K
  class space    used 12590K, capacity 12750K, committed 12800K, reserved 1048576K
Event: 240.293 GC heap after
Heap after GC invocations=36 (full 4):
 PSYoungGen      total 199168K, used 6179K [0x00000000ee000000, 0x00000000fc700000, 0x0000000100000000)
  eden space 162816K, 0% used [0x00000000ee000000,0x00000000ee000000,0x00000000f7f00000)
  from space 36352K, 16% used [0x00000000fa380000,0x00000000fa988d10,0x00000000fc700000)
  to   space 36864K, 0% used [0x00000000f7f00000,0x00000000f7f00000,0x00000000fa300000)
 ParOldGen       total 133120K, used 68684K [0x00000000b8000000, 0x00000000c0200000, 0x00000000ee000000)
  object space 133120K, 51% used [0x00000000b8000000,0x00000000bc313238,0x00000000c0200000)
 Metaspace       used 85700K, capacity 86382K, committed 87036K, reserved 1124352K
  class space    used 12590K, capacity 12750K, committed 12800K, reserved 1048576K
}
Event: 242.729 GC heap before
{Heap before GC invocations=37 (full 4):
 PSYoungGen      total 199168K, used 168995K [0x00000000ee000000, 0x00000000fc700000, 0x0000000100000000)
  eden space 162816K, 100% used [0x00000000ee000000,0x00000000f7f00000,0x00000000f7f00000)
  from space 36352K, 16% used [0x00000000fa380000,0x00000000fa988d10,0x00000000fc700000)
  to   space 36864K, 0% used [0x00000000f7f00000,0x00000000f7f00000,0x00000000fa300000)
 ParOldGen       total 133120K, used 69374K [0x00000000b8000000, 0x00000000c0200000, 0x00000000ee000000)
  object space 133120K, 52% used [0x00000000b8000000,0x00000000bc3bf808,0x00000000c0200000)
 Metaspace       used 88000K, capacity 88702K, committed 89340K, reserved 1126400K
  class space    used 12603K, capacity 12782K, committed 12800K, reserved 1048576K
Event: 242.734 GC heap after
Heap after GC invocations=37 (full 4):
 PSYoungGen      total 199680K, used 7539K [0x00000000ee000000, 0x00000000fc680000, 0x0000000100000000)
  eden space 162816K, 0% used [0x00000000ee000000,0x00000000ee000000,0x00000000f7f00000)
  from space 36864K, 20% used [0x00000000f7f00000,0x00000000f865cf68,0x00000000fa300000)
  to   space 34816K, 0% used [0x00000000fa480000,0x00000000fa480000,0x00000000fc680000)
 ParOldGen       total 133120K, used 69382K [0x00000000b8000000, 0x00000000c0200000, 0x00000000ee000000)
  object space 133120K, 52% used [0x00000000b8000000,0x00000000bc3c1808,0x00000000c0200000)
 Metaspace       used 88000K, capacity 88702K, committed 89340K, reserved 1126400K
  class space    used 12603K, capacity 12782K, committed 12800K, reserved 1048576K
}

